<?xml version="1.0" encoding="UTF-8"?>
<testng-results ignored="0" total="1" passed="1" failed="0" skipped="0">
  <reporter-output>
  </reporter-output>
  <suite started-at="2025-03-27T09:24:24 IST" name="Default suite" finished-at="2025-03-27T09:24:24 IST" duration-ms="90">
    <groups>
    </groups>
    <test started-at="2025-03-27T09:24:24 IST" name="Default test" finished-at="2025-03-27T09:24:24 IST" duration-ms="90">
      <class name="org.CreateOrg">
        <test-method signature="createOrg()[pri:0, instance:org.CreateOrg@55182842]" started-at="2025-03-27T09:24:24 IST" name="createOrg" finished-at="2025-03-27T09:24:24 IST" duration-ms="20" status="PASS">
          <reporter-output>
          </reporter-output>
        </test-method> <!-- createOrg -->
      </class> <!-- org.CreateOrg -->
    </test> <!-- Default test -->
  </suite> <!-- Default suite -->
</testng-results>
